<?xml version="1.0" encoding="UTF-8"?>
<testng-results ignored="0" total="6" passed="6" failed="0" skipped="0">
  <reporter-output>
  </reporter-output>
  <suite started-at="2022-05-30T14:35:20 IST" name="PaytmSuite" finished-at="2022-05-30T14:36:35 IST" duration-ms="74942">
    <groups>
    </groups>
    <test started-at="2022-05-30T14:35:20 IST" name="TestPaytmChrome" finished-at="2022-05-30T14:35:57 IST" duration-ms="37879">
      <class name="testPaytm.VerifyRechargeAndStockTabs">
        <test-method is-config="true" signature="launchBrowser(java.lang.String)[pri:0, instance:testPaytm.VerifyRechargeAndStockTabs@21de60b4]" started-at="2022-05-30T14:35:20 IST" name="launchBrowser" finished-at="2022-05-30T14:35:21 IST" duration-ms="1697" status="PASS">
          <params>
            <param index="0">
              <value>
                <![CDATA[Chrome]]>
              </value>
            </param>
          </params>
          <reporter-output>
          </reporter-output>
        </test-method> <!-- launchBrowser -->
        <test-method is-config="true" signature="createPomClassObject()[pri:0, instance:testPaytm.VerifyRechargeAndStockTabs@21de60b4]" started-at="2022-05-30T14:35:21 IST" name="createPomClassObject" finished-at="2022-05-30T14:35:21 IST" duration-ms="34" status="PASS">
          <reporter-output>
          </reporter-output>
        </test-method> <!-- createPomClassObject -->
        <test-method is-config="true" signature="launchPaytmAppl()[pri:0, instance:testPaytm.VerifyRechargeAndStockTabs@21de60b4]" started-at="2022-05-30T14:35:21 IST" name="launchPaytmAppl" finished-at="2022-05-30T14:35:26 IST" duration-ms="5048" status="PASS">
          <reporter-output>
          </reporter-output>
        </test-method> <!-- launchPaytmAppl -->
        <test-method signature="verifyRechargeTab()[pri:0, instance:testPaytm.VerifyRechargeAndStockTabs@21de60b4]" started-at="2022-05-30T14:35:26 IST" name="verifyRechargeTab" finished-at="2022-05-30T14:35:33 IST" duration-ms="7054" status="PASS">
          <reporter-output>
          </reporter-output>
        </test-method> <!-- verifyRechargeTab -->
        <test-method is-config="true" signature="toCaptureScreenshot(org.testng.ITestResult)[pri:0, instance:testPaytm.VerifyRechargeAndStockTabs@21de60b4]" started-at="2022-05-30T14:35:33 IST" name="toCaptureScreenshot" finished-at="2022-05-30T14:35:35 IST" duration-ms="2008" status="PASS">
          <params>
            <param index="0">
              <value>
                <![CDATA[[TestResult name=verifyRechargeTab status=SUCCESS method=VerifyRechargeAndStockTabs.verifyRechargeTab()[pri:0, instance:testPaytm.VerifyRechargeAndStockTabs@21de60b4] output={null}]]]>
              </value>
            </param>
          </params>
          <reporter-output>
          </reporter-output>
        </test-method> <!-- toCaptureScreenshot -->
        <test-method is-config="true" signature="launchPaytmAppl()[pri:0, instance:testPaytm.VerifyRechargeAndStockTabs@21de60b4]" started-at="2022-05-30T14:35:35 IST" name="launchPaytmAppl" finished-at="2022-05-30T14:35:39 IST" duration-ms="3092" status="PASS">
          <reporter-output>
          </reporter-output>
        </test-method> <!-- launchPaytmAppl -->
        <test-method signature="verifyRechargeTab()[pri:0, instance:testPaytm.VerifyRechargeAndStockTabs@21de60b4]" started-at="2022-05-30T14:35:39 IST" name="verifyRechargeTab" finished-at="2022-05-30T14:35:44 IST" duration-ms="5946" status="PASS">
          <reporter-output>
          </reporter-output>
        </test-method> <!-- verifyRechargeTab -->
        <test-method is-config="true" signature="toCaptureScreenshot(org.testng.ITestResult)[pri:0, instance:testPaytm.VerifyRechargeAndStockTabs@21de60b4]" started-at="2022-05-30T14:35:44 IST" name="toCaptureScreenshot" finished-at="2022-05-30T14:35:46 IST" duration-ms="2022" status="PASS">
          <params>
            <param index="0">
              <value>
                <![CDATA[[TestResult name=verifyRechargeTab status=SUCCESS method=VerifyRechargeAndStockTabs.verifyRechargeTab()[pri:0, instance:testPaytm.VerifyRechargeAndStockTabs@21de60b4] output={null}]]]>
              </value>
            </param>
          </params>
          <reporter-output>
          </reporter-output>
        </test-method> <!-- toCaptureScreenshot -->
        <test-method is-config="true" signature="launchPaytmAppl()[pri:0, instance:testPaytm.VerifyRechargeAndStockTabs@21de60b4]" started-at="2022-05-30T14:35:46 IST" name="launchPaytmAppl" finished-at="2022-05-30T14:35:50 IST" duration-ms="3130" status="PASS">
          <reporter-output>
          </reporter-output>
        </test-method> <!-- launchPaytmAppl -->
        <test-method signature="verifyRechargeTab()[pri:0, instance:testPaytm.VerifyRechargeAndStockTabs@21de60b4]" started-at="2022-05-30T14:35:50 IST" name="verifyRechargeTab" finished-at="2022-05-30T14:35:55 IST" duration-ms="5599" status="PASS">
          <reporter-output>
          </reporter-output>
        </test-method> <!-- verifyRechargeTab -->
        <test-method is-config="true" signature="toCaptureScreenshot(org.testng.ITestResult)[pri:0, instance:testPaytm.VerifyRechargeAndStockTabs@21de60b4]" started-at="2022-05-30T14:35:55 IST" name="toCaptureScreenshot" finished-at="2022-05-30T14:35:57 IST" duration-ms="2014" status="PASS">
          <params>
            <param index="0">
              <value>
                <![CDATA[[TestResult name=verifyRechargeTab status=SUCCESS method=VerifyRechargeAndStockTabs.verifyRechargeTab()[pri:0, instance:testPaytm.VerifyRechargeAndStockTabs@21de60b4] output={null}]]]>
              </value>
            </param>
          </params>
          <reporter-output>
          </reporter-output>
        </test-method> <!-- toCaptureScreenshot -->
        <test-method is-config="true" signature="clearPomClassObjects()[pri:0, instance:testPaytm.VerifyRechargeAndStockTabs@21de60b4]" started-at="2022-05-30T14:35:57 IST" name="clearPomClassObjects" finished-at="2022-05-30T14:35:57 IST" duration-ms="0" status="PASS">
          <reporter-output>
          </reporter-output>
        </test-method> <!-- clearPomClassObjects -->
        <test-method is-config="true" signature="closeBrowser()[pri:0, instance:testPaytm.VerifyRechargeAndStockTabs@21de60b4]" started-at="2022-05-30T14:35:57 IST" name="closeBrowser" finished-at="2022-05-30T14:35:57 IST" duration-ms="194" status="PASS">
          <reporter-output>
          </reporter-output>
        </test-method> <!-- closeBrowser -->
      </class> <!-- testPaytm.VerifyRechargeAndStockTabs -->
    </test> <!-- TestPaytmChrome -->
    <test started-at="2022-05-30T14:35:57 IST" name="TestPaytmEdge" finished-at="2022-05-30T14:36:35 IST" duration-ms="37017">
      <class name="testPaytm.VerifyRechargeAndStockTabs">
        <test-method is-config="true" signature="launchBrowser(java.lang.String)[pri:0, instance:testPaytm.VerifyRechargeAndStockTabs@40ef3420]" started-at="2022-05-30T14:35:57 IST" name="launchBrowser" finished-at="2022-05-30T14:36:00 IST" duration-ms="2827" status="PASS">
          <params>
            <param index="0">
              <value>
                <![CDATA[Edge]]>
              </value>
            </param>
          </params>
          <reporter-output>
          </reporter-output>
        </test-method> <!-- launchBrowser -->
        <test-method is-config="true" signature="createPomClassObject()[pri:0, instance:testPaytm.VerifyRechargeAndStockTabs@40ef3420]" started-at="2022-05-30T14:36:00 IST" name="createPomClassObject" finished-at="2022-05-30T14:36:00 IST" duration-ms="0" status="PASS">
          <reporter-output>
          </reporter-output>
        </test-method> <!-- createPomClassObject -->
        <test-method is-config="true" signature="launchPaytmAppl()[pri:0, instance:testPaytm.VerifyRechargeAndStockTabs@40ef3420]" started-at="2022-05-30T14:36:00 IST" name="launchPaytmAppl" finished-at="2022-05-30T14:36:05 IST" duration-ms="4552" status="PASS">
          <reporter-output>
          </reporter-output>
        </test-method> <!-- launchPaytmAppl -->
        <test-method signature="verifyRechargeTab()[pri:0, instance:testPaytm.VerifyRechargeAndStockTabs@40ef3420]" started-at="2022-05-30T14:36:05 IST" name="verifyRechargeTab" finished-at="2022-05-30T14:36:11 IST" duration-ms="5703" status="PASS">
          <reporter-output>
          </reporter-output>
        </test-method> <!-- verifyRechargeTab -->
        <test-method is-config="true" signature="toCaptureScreenshot(org.testng.ITestResult)[pri:0, instance:testPaytm.VerifyRechargeAndStockTabs@40ef3420]" started-at="2022-05-30T14:36:11 IST" name="toCaptureScreenshot" finished-at="2022-05-30T14:36:13 IST" duration-ms="2001" status="PASS">
          <params>
            <param index="0">
              <value>
                <![CDATA[[TestResult name=verifyRechargeTab status=SUCCESS method=VerifyRechargeAndStockTabs.verifyRechargeTab()[pri:0, instance:testPaytm.VerifyRechargeAndStockTabs@40ef3420] output={null}]]]>
              </value>
            </param>
          </params>
          <reporter-output>
          </reporter-output>
        </test-method> <!-- toCaptureScreenshot -->
        <test-method is-config="true" signature="launchPaytmAppl()[pri:0, instance:testPaytm.VerifyRechargeAndStockTabs@40ef3420]" started-at="2022-05-30T14:36:13 IST" name="launchPaytmAppl" finished-at="2022-05-30T14:36:16 IST" duration-ms="3615" status="PASS">
          <reporter-output>
          </reporter-output>
        </test-method> <!-- launchPaytmAppl -->
        <test-method signature="verifyRechargeTab()[pri:0, instance:testPaytm.VerifyRechargeAndStockTabs@40ef3420]" started-at="2022-05-30T14:36:16 IST" name="verifyRechargeTab" finished-at="2022-05-30T14:36:22 IST" duration-ms="5505" status="PASS">
          <reporter-output>
          </reporter-output>
        </test-method> <!-- verifyRechargeTab -->
        <test-method is-config="true" signature="toCaptureScreenshot(org.testng.ITestResult)[pri:0, instance:testPaytm.VerifyRechargeAndStockTabs@40ef3420]" started-at="2022-05-30T14:36:22 IST" name="toCaptureScreenshot" finished-at="2022-05-30T14:36:24 IST" duration-ms="2018" status="PASS">
          <params>
            <param index="0">
              <value>
                <![CDATA[[TestResult name=verifyRechargeTab status=SUCCESS method=VerifyRechargeAndStockTabs.verifyRechargeTab()[pri:0, instance:testPaytm.VerifyRechargeAndStockTabs@40ef3420] output={null}]]]>
              </value>
            </param>
          </params>
          <reporter-output>
          </reporter-output>
        </test-method> <!-- toCaptureScreenshot -->
        <test-method is-config="true" signature="launchPaytmAppl()[pri:0, instance:testPaytm.VerifyRechargeAndStockTabs@40ef3420]" started-at="2022-05-30T14:36:24 IST" name="launchPaytmAppl" finished-at="2022-05-30T14:36:27 IST" duration-ms="3125" status="PASS">
          <reporter-output>
          </reporter-output>
        </test-method> <!-- launchPaytmAppl -->
        <test-method signature="verifyRechargeTab()[pri:0, instance:testPaytm.VerifyRechargeAndStockTabs@40ef3420]" started-at="2022-05-30T14:36:27 IST" name="verifyRechargeTab" finished-at="2022-05-30T14:36:32 IST" duration-ms="5489" status="PASS">
          <reporter-output>
          </reporter-output>
        </test-method> <!-- verifyRechargeTab -->
        <test-method is-config="true" signature="toCaptureScreenshot(org.testng.ITestResult)[pri:0, instance:testPaytm.VerifyRechargeAndStockTabs@40ef3420]" started-at="2022-05-30T14:36:32 IST" name="toCaptureScreenshot" finished-at="2022-05-30T14:36:34 IST" duration-ms="2016" status="PASS">
          <params>
            <param index="0">
              <value>
                <![CDATA[[TestResult name=verifyRechargeTab status=SUCCESS method=VerifyRechargeAndStockTabs.verifyRechargeTab()[pri:0, instance:testPaytm.VerifyRechargeAndStockTabs@40ef3420] output={null}]]]>
              </value>
            </param>
          </params>
          <reporter-output>
          </reporter-output>
        </test-method> <!-- toCaptureScreenshot -->
        <test-method is-config="true" signature="clearPomClassObjects()[pri:0, instance:testPaytm.VerifyRechargeAndStockTabs@40ef3420]" started-at="2022-05-30T14:36:34 IST" name="clearPomClassObjects" finished-at="2022-05-30T14:36:34 IST" duration-ms="0" status="PASS">
          <reporter-output>
          </reporter-output>
        </test-method> <!-- clearPomClassObjects -->
        <test-method is-config="true" signature="closeBrowser()[pri:0, instance:testPaytm.VerifyRechargeAndStockTabs@40ef3420]" started-at="2022-05-30T14:36:34 IST" name="closeBrowser" finished-at="2022-05-30T14:36:35 IST" duration-ms="164" status="PASS">
          <reporter-output>
          </reporter-output>
        </test-method> <!-- closeBrowser -->
      </class> <!-- testPaytm.VerifyRechargeAndStockTabs -->
    </test> <!-- TestPaytmEdge -->
  </suite> <!-- PaytmSuite -->
</testng-results>
