<?xml version="1.0" encoding="UTF-8"?>
<!-- Generated by org.testng.reporters.JUnitXMLReporter -->
<testsuite ignored="0" hostname="LAPTOP-O1VVPRH9" failures="0" tests="3" name="TestPaytmChrome" time="37.879" errors="0" timestamp="2022-05-30T14:35:57 IST">
  <testcase classname="testPaytm.VerifyRechargeAndStockTabs" name="verifyRechargeTab" time="7.054"/>
  <testcase classname="testPaytm.VerifyRechargeAndStockTabs" name="verifyRechargeTab" time="5.946"/>
  <testcase classname="testPaytm.VerifyRechargeAndStockTabs" name="verifyRechargeTab" time="5.599"/>
</testsuite> <!-- TestPaytmChrome -->
