<?xml version="1.0" encoding="UTF-8"?>
<!-- Generated by org.testng.reporters.JUnitXMLReporter -->
<testsuite ignored="0" hostname="LAPTOP-O1VVPRH9" failures="0" tests="3" name="TestPaytmEdge" time="37.017" errors="0" timestamp="2022-05-30T14:36:35 IST">
  <testcase classname="testPaytm.VerifyRechargeAndStockTabs" name="verifyRechargeTab" time="5.703"/>
  <testcase classname="testPaytm.VerifyRechargeAndStockTabs" name="verifyRechargeTab" time="5.505"/>
  <testcase classname="testPaytm.VerifyRechargeAndStockTabs" name="verifyRechargeTab" time="5.489"/>
</testsuite> <!-- TestPaytmEdge -->
